2025-11-13 15:13:56.889 [background-preinit] INFO  o.h.validator.internal.util.Version - HV000001: Hibernate Validator 8.0.1.Final
2025-11-13 15:13:57.205 [main] INFO  s.WebsiteSearchEngineApplication - Starting WebsiteSearchEngineApplication v0.0.1-SNAPSHOT using Java 17.0.15 with PID 1 (/app/app.jar started by root in /app)
2025-11-13 15:13:57.213 [main] INFO  s.WebsiteSearchEngineApplication - The following 1 profile is active: "init"
2025-11-13 15:14:00.209 [main] INFO  o.s.d.r.c.RepositoryConfigurationDelegate - Bootstrapping Spring Data JPA repositories in DEFAULT mode.
2025-11-13 15:14:00.455 [main] INFO  o.s.d.r.c.RepositoryConfigurationDelegate - Finished Spring Data repository scanning in 224 ms. Found 4 JPA repository interfaces.
2025-11-13 15:14:02.715 [main] INFO  o.s.b.w.e.tomcat.TomcatWebServer - Tomcat initialized with port(s): 8081 (http)
2025-11-13 15:14:02.745 [main] INFO  o.a.coyote.http11.Http11NioProtocol - Initializing ProtocolHandler ["http-nio-8081"]
2025-11-13 15:14:02.763 [main] INFO  o.a.catalina.core.StandardService - Starting service [Tomcat]
2025-11-13 15:14:02.775 [main] INFO  o.a.catalina.core.StandardEngine - Starting Servlet engine: [Apache Tomcat/10.1.20]
2025-11-13 15:14:03.154 [main] INFO  o.a.c.c.C.[Tomcat].[localhost].[/] - Initializing Spring embedded WebApplicationContext
2025-11-13 15:14:03.159 [main] INFO  o.s.b.w.s.c.ServletWebServerApplicationContext - Root WebApplicationContext: initialization completed in 5730 ms
2025-11-13 15:14:03.482 [main] INFO  com.zaxxer.hikari.HikariDataSource - HikariPool-1 - Starting...
2025-11-13 15:14:03.908 [main] INFO  com.zaxxer.hikari.pool.HikariPool - HikariPool-1 - Added connection org.postgresql.jdbc.PgConnection@2f66e802
2025-11-13 15:14:03.918 [main] INFO  com.zaxxer.hikari.HikariDataSource - HikariPool-1 - Start completed.
2025-11-13 15:14:04.496 [main] INFO  o.h.jpa.internal.util.LogHelper - HHH000204: Processing PersistenceUnitInfo [name: default]
2025-11-13 15:14:04.756 [main] INFO  org.hibernate.Version - HHH000412: Hibernate ORM core version 6.2.24.Final
2025-11-13 15:14:04.768 [main] INFO  org.hibernate.cfg.Environment - HHH000406: Using bytecode reflection optimizer
2025-11-13 15:14:05.849 [main] INFO  o.s.o.j.p.SpringPersistenceUnitInfo - No LoadTimeWeaver setup: ignoring JPA class transformer
2025-11-13 15:14:09.052 [main] INFO  o.h.e.t.j.p.i.JtaPlatformInitiator - HHH000489: No JTA platform available (set 'hibernate.transaction.jta.platform' to enable JTA platform integration)
2025-11-13 15:14:09.306 [main] INFO  o.s.o.j.LocalContainerEntityManagerFactoryBean - Initialized JPA EntityManagerFactory for persistence unit 'default'
2025-11-13 15:14:10.485 [main] INFO  o.s.d.j.r.query.QueryEnhancerFactory - Hibernate is in classpath; If applicable, HQL parser will be used.
2025-11-13 15:14:13.395 [main] INFO  s.init.StatisticsServiceInitImpl - Инициализация/обновление сайтов для 'init' профиля...
2025-11-13 15:14:13.843 [main] INFO  s.init.StatisticsServiceInitImpl - Создание нового сайта: dombulgakova
2025-11-13 15:14:15.435 [main] WARN  s.init.StatisticsServiceInitImpl - Сайт 'dombulgakova' недоступен. Статус: FAILED
2025-11-13 15:14:15.794 [main] INFO  s.init.StatisticsServiceInitImpl - Создание нового сайта: ipfran
2025-11-13 15:14:17.082 [main] INFO  s.init.StatisticsServiceInitImpl - Сайт 'ipfran' доступен. Статус: INDEXING
2025-11-13 15:14:17.104 [main] INFO  s.init.StatisticsServiceInitImpl - Создание нового сайта: ack
2025-11-13 15:14:17.154 [main] ERROR s.init.StatisticsServiceInitImpl - Ошибка при проверке доступности сайта http://ack.by/: ack.by
2025-11-13 15:14:17.156 [main] WARN  s.init.StatisticsServiceInitImpl - Сайт 'ack' недоступен. Статус: FAILED
2025-11-13 15:14:17.167 [main] INFO  s.init.StatisticsServiceInitImpl - Инициализация/обновление сайтов завершено.
2025-11-13 15:14:20.114 [main] INFO  o.s.b.a.w.s.WelcomePageHandlerMapping - Adding welcome page template: index
2025-11-13 15:14:25.573 [main] INFO  o.a.coyote.http11.Http11NioProtocol - Starting ProtocolHandler ["http-nio-8081"]
2025-11-13 15:14:25.676 [main] INFO  o.s.b.w.e.tomcat.TomcatWebServer - Tomcat started on port(s): 8081 (http) with context path ''
2025-11-13 15:14:25.695 [main] INFO  s.WebsiteSearchEngineApplication - ==================================================================
2025-11-13 15:14:25.707 [main] INFO  s.WebsiteSearchEngineApplication - Application is ready! You can access it at the following URLs:
2025-11-13 15:14:25.727 [main] INFO  s.WebsiteSearchEngineApplication - Home page:     http://localhost:8081/
2025-11-13 15:14:25.732 [main] INFO  s.WebsiteSearchEngineApplication - Swagger UI:    http://localhost:8081/swagger-ui.html
2025-11-13 15:14:25.743 [main] INFO  s.WebsiteSearchEngineApplication - ==================================================================
2025-11-13 15:14:25.787 [main] INFO  s.WebsiteSearchEngineApplication - Started WebsiteSearchEngineApplication in 30.423 seconds (process running for 33.255)
2025-11-13 15:14:30.870 [http-nio-8081-exec-1] INFO  o.a.c.c.C.[Tomcat].[localhost].[/] - Initializing Spring DispatcherServlet 'dispatcherServlet'
2025-11-13 15:14:30.871 [http-nio-8081-exec-1] INFO  o.s.web.servlet.DispatcherServlet - Initializing Servlet 'dispatcherServlet'
2025-11-13 15:14:30.881 [http-nio-8081-exec-1] INFO  o.s.web.servlet.DispatcherServlet - Completed initialization in 6 ms
2025-11-13 15:14:32.152 [http-nio-8081-exec-3] INFO  s.controllers.ApiController - Получен запрос на статистику
2025-11-13 15:14:32.170 [http-nio-8081-exec-3] INFO  s.init.StatisticsServiceInitImpl - Запрос на получение статистики для 'init' профиля
2025-11-13 15:14:32.707 [http-nio-8081-exec-3] INFO  s.init.StatisticsServiceInitImpl - Статистика для 'init' профиля успешно собрана. Всего сайтов: 3, страниц: 0, лемм: 0
