2025-09-16 18:14:55 [INFO ] o.h.validator.internal.util.Version - HV000001: Hibernate Validator 8.0.1.Final
2025-09-16 18:14:56 [INFO ] c.e.s.SpringBootNewsPortalApplication - Starting SpringBootNewsPortalApplication using Java 17.0.16 with PID 11856 (C:\Users\user\IdeaProjects\SpringFramework\news-portal\build\classes\java\main started by user in C:\Users\user\IdeaProjects\SpringFramework\news-portal)
2025-09-16 18:14:56 [DEBUG] c.e.s.SpringBootNewsPortalApplication - Running with Spring Boot v3.1.11, Spring v6.0.19
2025-09-16 18:14:56 [INFO ] c.e.s.SpringBootNewsPortalApplication - The following 1 profile is active: "init"
2025-09-16 18:15:00 [INFO ] o.s.d.r.c.RepositoryConfigurationDelegate - Bootstrapping Spring Data JPA repositories in DEFAULT mode.
2025-09-16 18:15:00 [INFO ] o.s.d.r.c.RepositoryConfigurationDelegate - Finished Spring Data repository scanning in 258 ms. Found 4 JPA repository interfaces.
2025-09-16 18:15:04 [INFO ] o.s.b.w.e.tomcat.TomcatWebServer - Tomcat initialized with port(s): 8081 (http)
2025-09-16 18:15:04 [INFO ] o.a.coyote.http11.Http11NioProtocol - Initializing ProtocolHandler ["http-nio-8081"]
2025-09-16 18:15:04 [INFO ] o.a.catalina.core.StandardService - Starting service [Tomcat]
2025-09-16 18:15:04 [INFO ] o.a.catalina.core.StandardEngine - Starting Servlet engine: [Apache Tomcat/10.1.20]
2025-09-16 18:15:05 [INFO ] o.a.c.c.C.[Tomcat].[localhost].[/] - Initializing Spring embedded WebApplicationContext
2025-09-16 18:15:05 [INFO ] o.s.b.w.s.c.ServletWebServerApplicationContext - Root WebApplicationContext: initialization completed in 8621 ms
2025-09-16 18:15:06 [INFO ] com.zaxxer.hikari.HikariDataSource - HikariPool-1 - Starting...
2025-09-16 18:15:06 [INFO ] com.zaxxer.hikari.pool.HikariPool - HikariPool-1 - Added connection org.postgresql.jdbc.PgConnection@1e98b788
2025-09-16 18:15:06 [INFO ] com.zaxxer.hikari.HikariDataSource - HikariPool-1 - Start completed.
2025-09-16 18:15:07 [INFO ] o.h.jpa.internal.util.LogHelper - HHH000204: Processing PersistenceUnitInfo [name: default]
2025-09-16 18:15:07 [INFO ] org.hibernate.Version - HHH000412: Hibernate ORM core version 6.2.24.Final
2025-09-16 18:15:07 [INFO ] org.hibernate.cfg.Environment - HHH000406: Using bytecode reflection optimizer
2025-09-16 18:15:09 [INFO ] o.s.o.j.p.SpringPersistenceUnitInfo - No LoadTimeWeaver setup: ignoring JPA class transformer
2025-09-16 18:15:12 [INFO ] o.h.e.t.j.p.i.JtaPlatformInitiator - HHH000489: No JTA platform available (set 'hibernate.transaction.jta.platform' to enable JTA platform integration)
2025-09-16 18:15:12 [INFO ] o.s.o.j.LocalContainerEntityManagerFactoryBean - Initialized JPA EntityManagerFactory for persistence unit 'default'
2025-09-16 18:15:14 [WARN ] o.s.b.a.o.j.JpaBaseConfiguration$JpaWebConfiguration - spring.jpa.open-in-view is enabled by default. Therefore, database queries may be performed during view rendering. Explicitly configure spring.jpa.open-in-view to disable this warning
2025-09-16 18:15:17 [WARN ] o.s.b.a.s.s.UserDetailsServiceAutoConfiguration - 

Using generated security password: 3181f6a1-cfc2-4e8a-83bb-aff6cb151b69

This generated password is for development use only. Your security configuration must be updated before running your application in production.

2025-09-16 18:15:18 [INFO ] o.s.s.web.DefaultSecurityFilterChain - Will secure any request with [org.springframework.security.web.session.DisableEncodeUrlFilter@53cba89f, org.springframework.security.web.context.request.async.WebAsyncManagerIntegrationFilter@66ad7167, org.springframework.security.web.context.SecurityContextHolderFilter@48b1b469, org.springframework.security.web.header.HeaderWriterFilter@419c70f6, org.springframework.security.web.csrf.CsrfFilter@8a8cab8, org.springframework.security.web.authentication.logout.LogoutFilter@513ddf5f, org.springframework.security.web.authentication.UsernamePasswordAuthenticationFilter@34f2d3a6, org.springframework.security.web.authentication.ui.DefaultLoginPageGeneratingFilter@57fb6900, org.springframework.security.web.authentication.ui.DefaultLogoutPageGeneratingFilter@14aa2123, org.springframework.security.web.authentication.www.BasicAuthenticationFilter@d970881, org.springframework.security.web.savedrequest.RequestCacheAwareFilter@15e748b5, org.springframework.security.web.servletapi.SecurityContextHolderAwareRequestFilter@64641998, org.springframework.security.web.authentication.AnonymousAuthenticationFilter@7def62d0, org.springframework.security.web.access.ExceptionTranslationFilter@4f239a76, org.springframework.security.web.access.intercept.AuthorizationFilter@53b579d2]
2025-09-16 18:15:18 [INFO ] o.a.coyote.http11.Http11NioProtocol - Starting ProtocolHandler ["http-nio-8081"]
2025-09-16 18:15:18 [INFO ] o.s.b.w.e.tomcat.TomcatWebServer - Tomcat started on port(s): 8081 (http) with context path ''
2025-09-16 18:15:18 [INFO ] c.e.s.SpringBootNewsPortalApplication - =================== SpringBootNewsPortalApplication started on URL : http://localhost:8081
2025-09-16 18:15:18 [INFO ] c.e.s.SpringBootNewsPortalApplication - Started SpringBootNewsPortalApplication in 24.344 seconds (process running for 26.034)
2025-09-16 18:15:18 [INFO ] c.e.s.init.service.DataInitializer - Profile 'init' is active. Starting data initialization for query: 'tesla'
2025-09-16 18:15:18 [INFO ] c.e.s.init.service.DataInitializer - Fetching news from URL: https://newsapi.org/v2/everything?q=tesla&from=2025-09-09&sortBy=publishedAt&apiKey=8071976a7cb4426e92d4194f22c2da3c
2025-09-16 18:15:21 [INFO ] c.e.s.init.service.DataInitializer - Received 10 articles to save.
2025-09-16 18:15:21 [INFO ] c.e.s.init.service.DataInitializer - Formatted category name: 'Tesla'
2025-09-16 18:15:21 [INFO ] c.e.s.init.service.DataInitializer - Category 'Tesla' not found. Creating a new one.
2025-09-16 18:15:22 [INFO ] c.e.s.init.service.DataInitializer - Successfully saved new category: Category(id=1, categoryName=Tesla)
2025-09-16 18:15:22 [WARN ] c.e.s.init.service.DataInitializer - Skipping article with no author or content. Title: Pasticcio Tesla: nessuno vuole il Cybertruck meno costoso, è già fuori produzione
2025-09-16 18:15:22 [INFO ] c.e.s.init.service.DataInitializer - Data initialization completed successfully. Saved 10 news articles for category 'Tesla'.
