2025-10-16 07:54:51.723  INFO 1 --- [           main] c.example.seven_app.SevenAppApplication  : Starting SevenAppApplication v0.0.1-SNAPSHOT using Java 17.0.2 with PID 1 (/app/app.jar started by root in /app)
2025-10-16 07:54:51.744 DEBUG 1 --- [           main] c.example.seven_app.SevenAppApplication  : Running with Spring Boot v3.3.0, Spring v6.1.8
2025-10-16 07:54:51.749  INFO 1 --- [           main] c.example.seven_app.SevenAppApplication  : The following 1 profile is active: "init"
2025-10-16 07:54:57.242  INFO 1 --- [           main] .s.d.r.c.RepositoryConfigurationDelegate : Bootstrapping Spring Data Reactive MongoDB repositories in DEFAULT mode.
2025-10-16 07:54:58.112  INFO 1 --- [           main] .s.d.r.c.RepositoryConfigurationDelegate : Finished Spring Data repository scanning in 732 ms. Found 2 Reactive MongoDB repository interfaces.
2025-10-16 07:55:01.014  INFO 1 --- [           main] org.mongodb.driver.client                : MongoClient with metadata {"driver": {"name": "mongo-java-driver|reactive-streams|spring-boot", "version": "5.0.1"}, "os": {"type": "Linux", "name": "Linux", "architecture": "amd64", "version": "5.15.153.1-microsoft-standard-WSL2"}, "platform": "Java/Oracle Corporation/17.0.2+8-86", "env": {"container": {"runtime": "docker"}}} created with settings MongoClientSettings{readPreference=primary, writeConcern=WriteConcern{w=null, wTimeout=null ms, journal=null}, retryWrites=true, retryReads=true, readConcern=ReadConcern{level=null}, credential=null, transportSettings=NettyTransportSettings{eventLoopGroup=io.netty.channel.nio.NioEventLoopGroup@2da81754, socketChannelClass=null, allocator=null, sslContext=null}, commandListeners=[], codecRegistry=ProvidersCodecRegistry{codecProviders=[ValueCodecProvider{}, BsonValueCodecProvider{}, DBRefCodecProvider{}, DBObjectCodecProvider{}, DocumentCodecProvider{}, CollectionCodecProvider{}, IterableCodecProvider{}, MapCodecProvider{}, GeoJsonCodecProvider{}, GridFSFileCodecProvider{}, Jsr310CodecProvider{}, JsonObjectCodecProvider{}, BsonCodecProvider{}, EnumCodecProvider{}, com.mongodb.client.model.mql.ExpressionCodecProvider@1f992a3a, com.mongodb.Jep395RecordCodecProvider@30bf26df, com.mongodb.KotlinCodecProvider@261bd7b]}, loggerSettings=LoggerSettings{maxDocumentLength=1000}, clusterSettings={hosts=[db:27017], srvServiceName=mongodb, mode=SINGLE, requiredClusterType=UNKNOWN, requiredReplicaSetName='null', serverSelector='null', clusterListeners='[]', serverSelectionTimeout='30000 ms', localThreshold='15 ms'}, socketSettings=SocketSettings{connectTimeoutMS=10000, readTimeoutMS=0, receiveBufferSize=0, proxySettings=ProxySettings{host=null, port=null, username=null, password=null}}, heartbeatSocketSettings=SocketSettings{connectTimeoutMS=10000, readTimeoutMS=10000, receiveBufferSize=0, proxySettings=ProxySettings{host=null, port=null, username=null, password=null}}, connectionPoolSettings=ConnectionPoolSettings{maxSize=100, minSize=0, maxWaitTimeMS=120000, maxConnectionLifeTimeMS=0, maxConnectionIdleTimeMS=0, maintenanceInitialDelayMS=0, maintenanceFrequencyMS=60000, connectionPoolListeners=[], maxConnecting=2}, serverSettings=ServerSettings{heartbeatFrequencyMS=10000, minHeartbeatFrequencyMS=500, serverListeners='[]', serverMonitorListeners='[]'}, sslSettings=SslSettings{enabled=false, invalidHostNameAllowed=false, context=null}, applicationName='null', compressorList=[], uuidRepresentation=JAVA_LEGACY, serverApi=null, autoEncryptionSettings=null, dnsClient=null, inetAddressResolver=null, contextProvider=null}
2025-10-16 07:55:01.598  INFO 1 --- [null'}-db:27017] org.mongodb.driver.cluster               : Monitor thread successfully connected to server with description ServerDescription{address=db:27017, type=STANDALONE, state=CONNECTED, ok=true, minWireVersion=0, maxWireVersion=9, maxDocumentSize=16777216, logicalSessionTimeoutMinutes=30, roundTripTimeNanos=301685754}
2025-10-16 07:55:04.495  INFO 1 --- [           main] o.s.b.web.embedded.netty.NettyWebServer  : Netty started on port 8080 (http)
2025-10-16 07:55:04.509  INFO 1 --- [           main] c.example.seven_app.SevenAppApplication  : =================== SevenAppApplication started on URL : http://localhost:8080
2025-10-16 07:55:04.565  INFO 1 --- [           main] c.example.seven_app.SevenAppApplication  : Started SevenAppApplication in 16.82 seconds (process running for 19.519)
2025-10-16 07:55:04.925  INFO 1 --- [ntLoopGroup-3-3] c.e.seven_app.init.UserInitializer       : No users found in the database. Creating 5 test users...
2025-10-16 07:55:05.038  INFO 1 --- [           main] c.e.seven_app.config.SwaggerUserCache    : Application is ready. Caching user IDs for Swagger...
2025-10-16 07:55:05.102  INFO 1 --- [           main] c.e.seven_app.config.SwaggerUserCache    : Successfully cached 0 user IDs for Swagger.
2025-10-16 07:55:05.137  INFO 1 --- [ntLoopGroup-3-3] c.e.seven_app.init.AuthorInitializer     : Default author user 'user' not found. Creating...
2025-10-16 07:55:05.355  INFO 1 --- [ntLoopGroup-3-8] c.e.seven_app.init.AuthorInitializer     : Default author user 'user' is present in the database with ID: 68f0a4d9d6b3c209a0bf7e67
2025-10-16 07:55:05.365  INFO 1 --- [ntLoopGroup-3-6] c.e.seven_app.init.UserInitializer       : Successfully created 5 test users.
2025-10-16 07:56:35.081  INFO 1 --- [or-http-epoll-3] o.springdoc.api.AbstractOpenApiResource  : Init duration for springdoc-openapi is: 1049 ms
2025-10-16 07:56:43.637  INFO 1 --- [or-http-epoll-3] c.e.seven_app.controller.UserController  : Request to get all users
2025-10-16 07:56:43.655  INFO 1 --- [or-http-epoll-3] c.e.seven_app.service.UserServiceImpl    : Request to find all users
2025-10-16 07:56:43.727  INFO 1 --- [ntLoopGroup-3-6] c.e.seven_app.service.UserServiceImpl    : Successfully found all users
